This is pdfTeX, Version 3.141592653-2.6-1.40.26 (TeX Live 2024) (preloaded format=pdflatex 2024.9.24)  27 SEP 2024 12:11
entering extended mode
 restricted \write18 enabled.
 %&-line parsing enabled.
**FitBit_submission_template.tex
(./FitBit_submission_template.tex
LaTeX2e <2024-06-01> patch level 2
L3 programming layer <2024-09-10>
(c:/Users/fredd/AppData/Roaming/TinyTeX/texmf-dist/tex/latex/elsarticle/elsarticle.cls
Document Class: elsarticle 2024/04/04, 3.4: Elsevier Ltd
(c:/Users/fredd/AppData/Roaming/TinyTeX/texmf-dist/tex/latex/base/fontenc.sty
Package: fontenc 2021/04/29 v2.0v Standard LaTeX package
) (c:/Users/fredd/AppData/Roaming/TinyTeX/texmf-dist/tex/latex/l3kernel/expl3.sty
Package: expl3 2024-09-10 L3 programming layer (loader) 
(c:/Users/fredd/AppData/Roaming/TinyTeX/texmf-dist/tex/latex/l3backend/l3backend-pdftex.def
File: l3backend-pdftex.def 2024-05-08 L3 backend support: PDF output (pdfTeX)
\l__color_backend_stack_int=\count194
\l__pdf_internal_box=\box52
)) (c:/Users/fredd/AppData/Roaming/TinyTeX/texmf-dist/tex/latex/l3packages/xparse/xparse.sty
Package: xparse 2024-08-16 L3 Experimental document command parser
) (c:/Users/fredd/AppData/Roaming/TinyTeX/texmf-dist/tex/latex/etoolbox/etoolbox.sty
Package: etoolbox 2020/10/05 v2.5k e-TeX tools for LaTeX (JAW)
\etb@tempcnta=\count195
)
\@bls=\dimen141
(c:/Users/fredd/AppData/Roaming/TinyTeX/texmf-dist/tex/latex/base/article.cls
Document Class: article 2024/02/08 v1.4n Standard LaTeX document class
(c:/Users/fredd/AppData/Roaming/TinyTeX/texmf-dist/tex/latex/base/size10.clo
File: size10.clo 2024/02/08 v1.4n Standard LaTeX file (size option)
)
\c@part=\count196
\c@section=\count197
\c@subsection=\count198
\c@subsubsection=\count199
\c@paragraph=\count266
\c@subparagraph=\count267
\c@figure=\count268
\c@table=\count269
\abovecaptionskip=\skip49
\belowcaptionskip=\skip50
\bibindent=\dimen142
) (c:/Users/fredd/AppData/Roaming/TinyTeX/texmf-dist/tex/latex/graphics/graphicx.sty
Package: graphicx 2021/09/16 v1.2d Enhanced LaTeX Graphics (DPC,SPQR)
(c:/Users/fredd/AppData/Roaming/TinyTeX/texmf-dist/tex/latex/graphics/keyval.sty
Package: keyval 2022/05/29 v1.15 key=value parser (DPC)
\KV@toks@=\toks17
) (c:/Users/fredd/AppData/Roaming/TinyTeX/texmf-dist/tex/latex/graphics/graphics.sty
Package: graphics 2024/05/23 v1.4g Standard LaTeX Graphics (DPC,SPQR)
(c:/Users/fredd/AppData/Roaming/TinyTeX/texmf-dist/tex/latex/graphics/trig.sty
Package: trig 2023/12/02 v1.11 sin cos tan (DPC)
) (c:/Users/fredd/AppData/Roaming/TinyTeX/texmf-dist/tex/latex/graphics-cfg/graphics.cfg
File: graphics.cfg 2016/06/04 v1.11 sample graphics configuration
)
Package graphics Info: Driver file: pdftex.def on input line 106.
(c:/Users/fredd/AppData/Roaming/TinyTeX/texmf-dist/tex/latex/graphics-def/pdftex.def
File: pdftex.def 2024/04/13 v1.2c Graphics/color driver for pdftex
))
\Gin@req@height=\dimen143
\Gin@req@width=\dimen144
)
\c@tnote=\count270
\c@fnote=\count271
\c@cnote=\count272
\c@ead=\count273
\c@author=\count274
\@eadauthor=\toks18
\c@affn=\count275
\absbox=\box53
\elsarticlehighlightsbox=\box54
\elsarticlegrabsbox=\box55
\keybox=\box56
\Columnwidth=\dimen145
\space@left=\dimen146
\els@boxa=\box57
\els@boxb=\box58
\leftMargin=\dimen147
\@enLab=\toks19
\@sep=\skip51
\@@sep=\skip52
(./FitBit_submission_template.spl) (c:/Users/fredd/AppData/Roaming/TinyTeX/texmf-dist/tex/latex/natbib/natbib.sty
Package: natbib 2010/09/13 8.31b (PWD, AO)
\bibhang=\skip53
\bibsep=\skip54
LaTeX Info: Redefining \cite on input line 694.
\c@NAT@ctr=\count276
)
\splwrite=\write3
\openout3 = `FitBit_submission_template.spl'.

(c:/Users/fredd/AppData/Roaming/TinyTeX/texmf-dist/tex/latex/geometry/geometry.sty
Package: geometry 2020/01/02 v5.9 Page Geometry
(c:/Users/fredd/AppData/Roaming/TinyTeX/texmf-dist/tex/generic/iftex/ifvtex.sty
Package: ifvtex 2019/10/25 v1.7 ifvtex legacy package. Use iftex instead.
(c:/Users/fredd/AppData/Roaming/TinyTeX/texmf-dist/tex/generic/iftex/iftex.sty
Package: iftex 2022/02/03 v1.0f TeX engine tests
))
\Gm@cnth=\count277
\Gm@cntv=\count278
\c@Gm@tempcnt=\count279
\Gm@bindingoffset=\dimen148
\Gm@wd@mp=\dimen149
\Gm@odd@mp=\dimen150
\Gm@even@mp=\dimen151
\Gm@layoutwidth=\dimen152
\Gm@layoutheight=\dimen153
\Gm@layouthoffset=\dimen154
\Gm@layoutvoffset=\dimen155
\Gm@dimlist=\toks20
)
\appnamewidth=\dimen156
) (c:/Users/fredd/AppData/Roaming/TinyTeX/texmf-dist/tex/latex/url/url.sty
\Urlmuskip=\muskip17
Package: url 2013/09/16  ver 3.4  Verb mode for urls, etc.
) (c:/Users/fredd/AppData/Roaming/TinyTeX/texmf-dist/tex/latex/base/fontenc.sty
Package: fontenc 2021/04/29 v2.0v Standard LaTeX package
) (c:/Users/fredd/AppData/Roaming/TinyTeX/texmf-dist/tex/latex/lm/lmodern.sty
Package: lmodern 2015/05/01 v1.6.1 Latin Modern Fonts
LaTeX Font Info:    Overwriting symbol font `operators' in version `normal'
(Font)                  OT1/cmr/m/n --> OT1/lmr/m/n on input line 22.
LaTeX Font Info:    Overwriting symbol font `letters' in version `normal'
(Font)                  OML/cmm/m/it --> OML/lmm/m/it on input line 23.
LaTeX Font Info:    Overwriting symbol font `symbols' in version `normal'
(Font)                  OMS/cmsy/m/n --> OMS/lmsy/m/n on input line 24.
LaTeX Font Info:    Overwriting symbol font `largesymbols' in version `normal'
(Font)                  OMX/cmex/m/n --> OMX/lmex/m/n on input line 25.
LaTeX Font Info:    Overwriting symbol font `operators' in version `bold'
(Font)                  OT1/cmr/bx/n --> OT1/lmr/bx/n on input line 26.
LaTeX Font Info:    Overwriting symbol font `letters' in version `bold'
(Font)                  OML/cmm/b/it --> OML/lmm/b/it on input line 27.
LaTeX Font Info:    Overwriting symbol font `symbols' in version `bold'
(Font)                  OMS/cmsy/b/n --> OMS/lmsy/b/n on input line 28.
LaTeX Font Info:    Overwriting symbol font `largesymbols' in version `bold'
(Font)                  OMX/cmex/m/n --> OMX/lmex/m/n on input line 29.
LaTeX Font Info:    Overwriting math alphabet `\mathbf' in version `normal'
(Font)                  OT1/cmr/bx/n --> OT1/lmr/bx/n on input line 31.
LaTeX Font Info:    Overwriting math alphabet `\mathsf' in version `normal'
(Font)                  OT1/cmss/m/n --> OT1/lmss/m/n on input line 32.
LaTeX Font Info:    Overwriting math alphabet `\mathit' in version `normal'
(Font)                  OT1/cmr/m/it --> OT1/lmr/m/it on input line 33.
LaTeX Font Info:    Overwriting math alphabet `\mathtt' in version `normal'
(Font)                  OT1/cmtt/m/n --> OT1/lmtt/m/n on input line 34.
LaTeX Font Info:    Overwriting math alphabet `\mathbf' in version `bold'
(Font)                  OT1/cmr/bx/n --> OT1/lmr/bx/n on input line 35.
LaTeX Font Info:    Overwriting math alphabet `\mathsf' in version `bold'
(Font)                  OT1/cmss/bx/n --> OT1/lmss/bx/n on input line 36.
LaTeX Font Info:    Overwriting math alphabet `\mathit' in version `bold'
(Font)                  OT1/cmr/bx/it --> OT1/lmr/bx/it on input line 37.
LaTeX Font Info:    Overwriting math alphabet `\mathtt' in version `bold'
(Font)                  OT1/cmtt/m/n --> OT1/lmtt/m/n on input line 38.
) (c:/Users/fredd/AppData/Roaming/TinyTeX/texmf-dist/tex/latex/amsfonts/amssymb.sty
Package: amssymb 2013/01/14 v3.01 AMS font symbols
(c:/Users/fredd/AppData/Roaming/TinyTeX/texmf-dist/tex/latex/amsfonts/amsfonts.sty
Package: amsfonts 2013/01/14 v3.01 Basic AMSFonts support
\@emptytoks=\toks21
\symAMSa=\mathgroup4
\symAMSb=\mathgroup5
LaTeX Font Info:    Redeclaring math symbol \hbar on input line 98.
LaTeX Font Info:    Overwriting math alphabet `\mathfrak' in version `bold'
(Font)                  U/euf/m/n --> U/euf/b/n on input line 106.
)) (c:/Users/fredd/AppData/Roaming/TinyTeX/texmf-dist/tex/latex/amsmath/amsmath.sty
Package: amsmath 2024/05/23 v2.17q AMS math features
\@mathmargin=\skip55
For additional information on amsmath, use the `?' option.
(c:/Users/fredd/AppData/Roaming/TinyTeX/texmf-dist/tex/latex/amsmath/amstext.sty
Package: amstext 2021/08/26 v2.01 AMS text
(c:/Users/fredd/AppData/Roaming/TinyTeX/texmf-dist/tex/latex/amsmath/amsgen.sty
File: amsgen.sty 1999/11/30 v2.0 generic functions
\@emptytoks=\toks22
\ex@=\dimen157
)) (c:/Users/fredd/AppData/Roaming/TinyTeX/texmf-dist/tex/latex/amsmath/amsbsy.sty
Package: amsbsy 1999/11/29 v1.2d Bold Symbols
\pmbraise@=\dimen158
) (c:/Users/fredd/AppData/Roaming/TinyTeX/texmf-dist/tex/latex/amsmath/amsopn.sty
Package: amsopn 2022/04/08 v2.04 operator names
)
\inf@bad=\count280
LaTeX Info: Redefining \frac on input line 233.
\uproot@=\count281
\leftroot@=\count282
LaTeX Info: Redefining \overline on input line 398.
LaTeX Info: Redefining \colon on input line 409.
\classnum@=\count283
\DOTSCASE@=\count284
LaTeX Info: Redefining \ldots on input line 495.
LaTeX Info: Redefining \dots on input line 498.
LaTeX Info: Redefining \cdots on input line 619.
\Mathstrutbox@=\box59
\strutbox@=\box60
LaTeX Info: Redefining \big on input line 721.
LaTeX Info: Redefining \Big on input line 722.
LaTeX Info: Redefining \bigg on input line 723.
LaTeX Info: Redefining \Bigg on input line 724.
\big@size=\dimen159
LaTeX Font Info:    Redeclaring font encoding OML on input line 742.
LaTeX Font Info:    Redeclaring font encoding OMS on input line 743.
\macc@depth=\count285
LaTeX Info: Redefining \bmod on input line 904.
LaTeX Info: Redefining \pmod on input line 909.
LaTeX Info: Redefining \smash on input line 939.
LaTeX Info: Redefining \relbar on input line 969.
LaTeX Info: Redefining \Relbar on input line 970.
\c@MaxMatrixCols=\count286
\dotsspace@=\muskip18
\c@parentequation=\count287
\dspbrk@lvl=\count288
\tag@help=\toks23
\row@=\count289
\column@=\count290
\maxfields@=\count291
\andhelp@=\toks24
\eqnshift@=\dimen160
\alignsep@=\dimen161
\tagshift@=\dimen162
\tagwidth@=\dimen163
\totwidth@=\dimen164
\lineht@=\dimen165
\@envbody=\toks25
\multlinegap=\skip56
\multlinetaggap=\skip57
\mathdisplay@stack=\toks26
LaTeX Info: Redefining \[ on input line 2953.
LaTeX Info: Redefining \] on input line 2954.
) (c:/Users/fredd/AppData/Roaming/TinyTeX/texmf-dist/tex/latex/lineno/lineno.sty
Package: lineno 2023/05/20 line numbers on paragraphs v5.3
(c:/Users/fredd/AppData/Roaming/TinyTeX/texmf-dist/tex/latex/kvoptions/kvoptions.sty
Package: kvoptions 2022-06-15 v3.15 Key value format for package options (HO)
(c:/Users/fredd/AppData/Roaming/TinyTeX/texmf-dist/tex/generic/ltxcmds/ltxcmds.sty
Package: ltxcmds 2023-12-04 v1.26 LaTeX kernel commands for general use (HO)
) (c:/Users/fredd/AppData/Roaming/TinyTeX/texmf-dist/tex/latex/kvsetkeys/kvsetkeys.sty
Package: kvsetkeys 2022-10-05 v1.19 Key value parser (HO)
))
\linenopenalty=\count292
\output=\toks27
\linenoprevgraf=\count293
\linenumbersep=\dimen166
\linenumberwidth=\dimen167
\c@linenumber=\count294
\c@pagewiselinenumber=\count295
\c@LN@truepage=\count296
\c@internallinenumber=\count297
\c@internallinenumbers=\count298
\quotelinenumbersep=\dimen168
\bframerule=\dimen169
\bframesep=\dimen170
\bframebox=\box61
\linenoamsmath@ams@eqpen=\count299
LaTeX Info: Redefining \\ on input line 3180.
) (c:/Users/fredd/AppData/Roaming/TinyTeX/texmf-dist/tex/generic/iftex/ifxetex.sty
Package: ifxetex 2019/10/25 v0.7 ifxetex legacy package. Use iftex instead.
) (c:/Users/fredd/AppData/Roaming/TinyTeX/texmf-dist/tex/generic/iftex/ifluatex.sty
Package: ifluatex 2019/10/25 v1.5 ifluatex legacy package. Use iftex instead.
) (c:/Users/fredd/AppData/Roaming/TinyTeX/texmf-dist/tex/latex/base/fixltx2e.sty
Package: fixltx2e 2016/12/29 v2.1a fixes to LaTeX (obsolete)
Applying: [2015/01/01] Old fixltx2e package on input line 46.

Package fixltx2e Warning: fixltx2e is not required with releases after 2015
(fixltx2e)                All fixes are now in the LaTeX kernel.
(fixltx2e)                See the latexrelease package for details.

Already applied: [0000/00/00] Old fixltx2e package on input line 53.
) (c:/Users/fredd/AppData/Roaming/TinyTeX/texmf-dist/tex/latex/base/inputenc.sty
Package: inputenc 2024/02/08 v1.3d Input encoding file
\inpenc@prehook=\toks28
\inpenc@posthook=\toks29
) (c:/Users/fredd/AppData/Roaming/TinyTeX/texmf-dist/tex/latex/hyperref/hyperref.sty
Package: hyperref 2024-07-10 v7.01j Hypertext links for LaTeX
(c:/Users/fredd/AppData/Roaming/TinyTeX/texmf-dist/tex/generic/kvdefinekeys/kvdefinekeys.sty
Package: kvdefinekeys 2019-12-19 v1.6 Define keys (HO)
) (c:/Users/fredd/AppData/Roaming/TinyTeX/texmf-dist/tex/generic/pdfescape/pdfescape.sty
Package: pdfescape 2019/12/09 v1.15 Implements pdfTeX's escape features (HO)
(c:/Users/fredd/AppData/Roaming/TinyTeX/texmf-dist/tex/generic/pdftexcmds/pdftexcmds.sty
Package: pdftexcmds 2020-06-27 v0.33 Utility functions of pdfTeX for LuaTeX (HO)
(c:/Users/fredd/AppData/Roaming/TinyTeX/texmf-dist/tex/generic/infwarerr/infwarerr.sty
Package: infwarerr 2019/12/03 v1.5 Providing info/warning/error messages (HO)
)
Package pdftexcmds Info: \pdf@primitive is available.
Package pdftexcmds Info: \pdf@ifprimitive is available.
Package pdftexcmds Info: \pdfdraftmode found.
)) (c:/Users/fredd/AppData/Roaming/TinyTeX/texmf-dist/tex/latex/hycolor/hycolor.sty
Package: hycolor 2020-01-27 v1.10 Color options for hyperref/bookmark (HO)
) (c:/Users/fredd/AppData/Roaming/TinyTeX/texmf-dist/tex/latex/hyperref/nameref.sty
Package: nameref 2023-11-26 v2.56 Cross-referencing by name of section
(c:/Users/fredd/AppData/Roaming/TinyTeX/texmf-dist/tex/latex/refcount/refcount.sty
Package: refcount 2019/12/15 v3.6 Data extraction from label references (HO)
) (c:/Users/fredd/AppData/Roaming/TinyTeX/texmf-dist/tex/generic/gettitlestring/gettitlestring.sty
Package: gettitlestring 2019/12/15 v1.6 Cleanup title references (HO)
)
\c@section@level=\count300
) (c:/Users/fredd/AppData/Roaming/TinyTeX/texmf-dist/tex/generic/stringenc/stringenc.sty
Package: stringenc 2019/11/29 v1.12 Convert strings between diff. encodings (HO)
)
\@linkdim=\dimen171
\Hy@linkcounter=\count301
\Hy@pagecounter=\count302
(c:/Users/fredd/AppData/Roaming/TinyTeX/texmf-dist/tex/latex/hyperref/pd1enc.def
File: pd1enc.def 2024-07-10 v7.01j Hyperref: PDFDocEncoding definition (HO)
Now handling font encoding PD1 ...
... no UTF-8 mapping file for font encoding PD1
) (c:/Users/fredd/AppData/Roaming/TinyTeX/texmf-dist/tex/generic/intcalc/intcalc.sty
Package: intcalc 2019/12/15 v1.3 Expandable calculations with integers (HO)
)
\Hy@SavedSpaceFactor=\count303
(c:/Users/fredd/AppData/Roaming/TinyTeX/texmf-dist/tex/latex/hyperref/puenc.def
File: puenc.def 2024-07-10 v7.01j Hyperref: PDF Unicode definition (HO)
Now handling font encoding PU ...
... no UTF-8 mapping file for font encoding PU
)
Package hyperref Info: Option `unicode' set `true' on input line 4040.
Package hyperref Info: Hyper figures OFF on input line 4157.
Package hyperref Info: Link nesting OFF on input line 4162.
Package hyperref Info: Hyper index ON on input line 4165.
Package hyperref Info: Plain pages OFF on input line 4172.
Package hyperref Info: Backreferencing OFF on input line 4177.
Package hyperref Info: Implicit mode ON; LaTeX internals redefined.
Package hyperref Info: Bookmarks ON on input line 4424.
\c@Hy@tempcnt=\count304
LaTeX Info: Redefining \url on input line 4763.
\XeTeXLinkMargin=\dimen172
(c:/Users/fredd/AppData/Roaming/TinyTeX/texmf-dist/tex/generic/bitset/bitset.sty
Package: bitset 2019/12/09 v1.3 Handle bit-vector datatype (HO)
(c:/Users/fredd/AppData/Roaming/TinyTeX/texmf-dist/tex/generic/bigintcalc/bigintcalc.sty
Package: bigintcalc 2019/12/15 v1.5 Expandable calculations on big integers (HO)
))
\Fld@menulength=\count305
\Field@Width=\dimen173
\Fld@charsize=\dimen174
Package hyperref Info: Hyper figures OFF on input line 6042.
Package hyperref Info: Link nesting OFF on input line 6047.
Package hyperref Info: Hyper index ON on input line 6050.
Package hyperref Info: backreferencing OFF on input line 6057.
Package hyperref Info: Link coloring OFF on input line 6062.
Package hyperref Info: Link coloring with OCG OFF on input line 6067.
Package hyperref Info: PDF/A mode OFF on input line 6072.
(c:/Users/fredd/AppData/Roaming/TinyTeX/texmf-dist/tex/latex/base/atbegshi-ltx.sty
Package: atbegshi-ltx 2021/01/10 v1.0c Emulation of the original atbegshi
package with kernel methods
)
\Hy@abspage=\count306
\c@Item=\count307
\c@Hfootnote=\count308
)
Package hyperref Info: Driver (autodetected): hpdftex.
(c:/Users/fredd/AppData/Roaming/TinyTeX/texmf-dist/tex/latex/hyperref/hpdftex.def
File: hpdftex.def 2024-07-10 v7.01j Hyperref driver for pdfTeX
(c:/Users/fredd/AppData/Roaming/TinyTeX/texmf-dist/tex/latex/base/atveryend-ltx.sty
Package: atveryend-ltx 2020/08/19 v1.0a Emulation of the original atveryend package
with kernel methods
)
\Fld@listcount=\count309
\c@bookmark@seq@number=\count310
(c:/Users/fredd/AppData/Roaming/TinyTeX/texmf-dist/tex/latex/rerunfilecheck/rerunfilecheck.sty
Package: rerunfilecheck 2022-07-10 v1.10 Rerun checks for auxiliary files (HO)
(c:/Users/fredd/AppData/Roaming/TinyTeX/texmf-dist/tex/generic/uniquecounter/uniquecounter.sty
Package: uniquecounter 2019/12/15 v1.4 Provide unlimited unique counter (HO)
)
Package uniquecounter Info: New unique counter `rerunfilecheck' on input line 285.
)
\Hy@SectionHShift=\skip58
)
Package hyperref Info: Option `breaklinks' set `true' on input line 51.

Package hyperref Warning: Option `bookmarks' has already been used,
(hyperref)                setting the option has no effect on input line 51.

Package hyperref Info: Option `colorlinks' set `false' on input line 51.
(c:/Users/fredd/AppData/Roaming/TinyTeX/texmf-dist/tex/latex/tools/tabularx.sty
Package: tabularx 2023/12/11 v2.12a `tabularx' package (DPC)
(c:/Users/fredd/AppData/Roaming/TinyTeX/texmf-dist/tex/latex/tools/array.sty
Package: array 2024/06/14 v2.6d Tabular extension package (FMi)
\col@sep=\dimen175
\ar@mcellbox=\box62
\extrarowheight=\dimen176
\NC@list=\toks30
\extratabsurround=\skip59
\backup@length=\skip60
\ar@cellbox=\box63
)
\TX@col@width=\dimen177
\TX@old@table=\dimen178
\TX@old@col=\dimen179
\TX@target=\dimen180
\TX@delta=\dimen181
\TX@cols=\count311
\TX@ftn=\toks31
) (c:/Users/fredd/AppData/Roaming/TinyTeX/texmf-dist/tex/latex/threeparttable/threeparttable.sty
Package: threeparttable 2003/06/13  v 3.0
\@tempboxb=\box64
) (c:/Users/fredd/AppData/Roaming/TinyTeX/texmf-dist/tex/latex/booktabs/booktabs.sty
Package: booktabs 2020/01/12 v1.61803398 Publication quality tables
\heavyrulewidth=\dimen182
\lightrulewidth=\dimen183
\cmidrulewidth=\dimen184
\belowrulesep=\dimen185
\belowbottomsep=\dimen186
\aboverulesep=\dimen187
\abovetopsep=\dimen188
\cmidrulesep=\dimen189
\cmidrulekern=\dimen190
\defaultaddspace=\dimen191
\@cmidla=\count312
\@cmidlb=\count313
\@aboverulesep=\dimen192
\@belowrulesep=\dimen193
\@thisruleclass=\count314
\@lastruleclass=\count315
\@thisrulewidth=\dimen194
) (c:/Users/fredd/AppData/Roaming/TinyTeX/texmf-dist/tex/latex/caption/caption.sty
Package: caption 2023/08/05 v3.6o Customizing captions (AR)
(c:/Users/fredd/AppData/Roaming/TinyTeX/texmf-dist/tex/latex/caption/caption3.sty
Package: caption3 2023/07/31 v2.4d caption3 kernel (AR)
\caption@tempdima=\dimen195
\captionmargin=\dimen196
\caption@leftmargin=\dimen197
\caption@rightmargin=\dimen198
\caption@width=\dimen199
\caption@indent=\dimen256
\caption@parindent=\dimen257
\caption@hangindent=\dimen258
Package caption Info: elsarticle document class detected.
(c:/Users/fredd/AppData/Roaming/TinyTeX/texmf-dist/tex/latex/caption/caption-elsarticle.sto
File: caption-elsarticle.sto 2020/08/22 v2.0 Adaption of the caption package to the elsarticle document class (AR)
))
\c@caption@flags=\count316
\c@continuedfloat=\count317
Package caption Info: hyperref package is loaded.
Package caption Info: threeparttable package is loaded.
) (c:/Users/fredd/AppData/Roaming/TinyTeX/texmf-dist/tex/latex/tablefootnote/tablefootnote.sty
Package: tablefootnote 2014/01/26 v1.1c Table foot notes (HMM)
(c:/Users/fredd/AppData/Roaming/TinyTeX/texmf-dist/tex/latex/letltxmacro/letltxmacro.sty
Package: letltxmacro 2019/12/03 v1.6 Let assignment for LaTeX macros (HO)
) (c:/Users/fredd/AppData/Roaming/TinyTeX/texmf-dist/tex/latex/xifthen/xifthen.sty
Package: xifthen 2015/11/05 v1.4.0 Extended ifthen features
(c:/Users/fredd/AppData/Roaming/TinyTeX/texmf-dist/tex/latex/tools/calc.sty
Package: calc 2023/07/08 v4.3 Infix arithmetic (KKT,FJ)
\calc@Acount=\count318
\calc@Bcount=\count319
\calc@Adimen=\dimen259
\calc@Bdimen=\dimen260
\calc@Askip=\skip61
\calc@Bskip=\skip62
LaTeX Info: Redefining \setlength on input line 80.
LaTeX Info: Redefining \addtolength on input line 81.
\calc@Ccount=\count320
\calc@Cskip=\skip63
) (c:/Users/fredd/AppData/Roaming/TinyTeX/texmf-dist/tex/latex/base/ifthen.sty
Package: ifthen 2024/03/16 v1.1e Standard LaTeX ifthen package (DPC)
) (c:/Users/fredd/AppData/Roaming/TinyTeX/texmf-dist/tex/latex/ifmtarg/ifmtarg.sty
Package: ifmtarg 2018/04/16 v1.2b check for an empty argument
))) (c:/Users/fredd/AppData/Roaming/TinyTeX/texmf-dist/tex/latex/float/float.sty
Package: float 2001/11/08 v1.3d Float enhancements (AL)
\c@float@type=\count321
\float@exts=\toks32
\float@box=\box65
\@float@everytoks=\toks33
\@floatcapt=\box66
) (c:/Users/fredd/AppData/Roaming/TinyTeX/texmf-dist/tex/latex/wrapfig/wrapfig.sty
\wrapoverhang=\dimen261
\WF@size=\dimen262
\c@WF@wrappedlines=\count322
\WF@box=\box67
\WF@everypar=\toks34
Package: wrapfig 2003/01/31  v 3.6
) (c:/Users/fredd/AppData/Roaming/TinyTeX/texmf-dist/tex/latex/pdflscape/pdflscape.sty
Package: pdflscape 2022-10-27 v0.13 Display of landscape pages in PDF
(c:/Users/fredd/AppData/Roaming/TinyTeX/texmf-dist/tex/latex/pdflscape/pdflscape-nometadata.sty
Package: pdflscape-nometadata 2022-10-28 v0.13 Display of landscape pages in PDF (HO)
(c:/Users/fredd/AppData/Roaming/TinyTeX/texmf-dist/tex/latex/graphics/lscape.sty
Package: lscape 2020/05/28 v3.02 Landscape Pages (DPC)
)
Package pdflscape Info: Auto-detected driver: pdftex on input line 81.
)) (c:/Users/fredd/AppData/Roaming/TinyTeX/texmf-dist/tex/latex/tools/longtable.sty
Package: longtable 2024-04-26 v4.20 Multi-page Table package (DPC)
\LTleft=\skip64
\LTright=\skip65
\LTpre=\skip66
\LTpost=\skip67
\LTchunksize=\count323
\LTcapwidth=\dimen263
\LT@head=\box68
\LT@firsthead=\box69
\LT@foot=\box70
\LT@lastfoot=\box71
\LT@gbox=\box72
\LT@cols=\count324
\LT@rows=\count325
\c@LT@tables=\count326
\c@LT@chunks=\count327
\LT@p@ftn=\toks35
)
LaTeX Font Info:    Trying to load font information for T1+lmr on input line 80.
(c:/Users/fredd/AppData/Roaming/TinyTeX/texmf-dist/tex/latex/lm/t1lmr.fd
File: t1lmr.fd 2015/05/01 v1.6.1 Font defs for Latin Modern
) (./FitBit_submission_template.aux)
\openout1 = `FitBit_submission_template.aux'.

LaTeX Font Info:    Checking defaults for OML/cmm/m/it on input line 80.
LaTeX Font Info:    ... okay on input line 80.
LaTeX Font Info:    Checking defaults for OMS/cmsy/m/n on input line 80.
LaTeX Font Info:    ... okay on input line 80.
LaTeX Font Info:    Checking defaults for OT1/cmr/m/n on input line 80.
LaTeX Font Info:    ... okay on input line 80.
LaTeX Font Info:    Checking defaults for T1/cmr/m/n on input line 80.
LaTeX Font Info:    ... okay on input line 80.
LaTeX Font Info:    Checking defaults for TS1/cmr/m/n on input line 80.
LaTeX Font Info:    ... okay on input line 80.
LaTeX Font Info:    Checking defaults for OMX/cmex/m/n on input line 80.
LaTeX Font Info:    ... okay on input line 80.
LaTeX Font Info:    Checking defaults for U/cmr/m/n on input line 80.
LaTeX Font Info:    ... okay on input line 80.
LaTeX Font Info:    Checking defaults for PD1/pdf/m/n on input line 80.
LaTeX Font Info:    ... okay on input line 80.
LaTeX Font Info:    Checking defaults for PU/pdf/m/n on input line 80.
LaTeX Font Info:    ... okay on input line 80.
(c:/Users/fredd/AppData/Roaming/TinyTeX/texmf-dist/tex/latex/epstopdf-pkg/epstopdf-base.sty
Package: epstopdf-base 2020-01-24 v2.11 Base part for package epstopdf
Package epstopdf-base Info: Redefining graphics rule for `.eps' on input line 485.
(c:/Users/fredd/AppData/Roaming/TinyTeX/texmf-dist/tex/latex/latexconfig/epstopdf-sys.cfg
File: epstopdf-sys.cfg 2010/07/13 v1.3 Configuration of (r)epstopdf for TeX Live
))
*geometry* driver: auto-detecting
*geometry* detected driver: pdftex
*geometry* verbose mode - [ preamble ] result:
* driver: pdftex
* paper: custom
* layout: <same size as paper>
* layoutoffset:(h,v)=(0.0pt,0.0pt)
* hratio: 1:1
* vratio: 1:1
* modes: 
* h-part:(L,W,R)=(64.75394pt, 468.0pt, 64.75394pt)
* v-part:(T,H,B)=(111.52342pt, 622.0pt, 111.52342pt)
* \paperwidth=597.50787pt
* \paperheight=845.04684pt
* \textwidth=468.0pt
* \textheight=622.0pt
* \oddsidemargin=-7.51605pt
* \evensidemargin=-7.51605pt
* \topmargin=-22.74657pt
* \headheight=50.0pt
* \headsep=12.0pt
* \topskip=10.0pt
* \footskip=18.0pt
* \marginparwidth=65.0pt
* \marginparsep=11.0pt
* \columnsep=24.0pt
* \skip\footins=24.0pt plus 2.0pt minus 12.0pt
* \hoffset=0.0pt
* \voffset=0.0pt
* \mag=1000
* \@twocolumnfalse
* \@twosidefalse
* \@mparswitchfalse
* \@reversemarginfalse
* (1in=72.27pt=25.4mm, 1cm=28.453pt)

Package hyperref Info: Link coloring OFF on input line 80.
(./FitBit_submission_template.out) (./FitBit_submission_template.out)
\@outlinefile=\write4
\openout4 = `FitBit_submission_template.out'.

Package caption Info: Begin \AtBeginDocument code.
Package caption Info: float package is loaded.
Package caption Info: longtable package is loaded.
(c:/Users/fredd/AppData/Roaming/TinyTeX/texmf-dist/tex/latex/caption/ltcaption.sty
Package: ltcaption 2021/01/08 v1.4c longtable captions (AR)
)
Package caption Info: wrapfig package is loaded.
Package caption Info: End \AtBeginDocument code.
LaTeX Font Info:    Trying to load font information for TS1+lmr on input line 137.
(c:/Users/fredd/AppData/Roaming/TinyTeX/texmf-dist/tex/latex/lm/ts1lmr.fd
File: ts1lmr.fd 2015/05/01 v1.6.1 Font defs for Latin Modern
)
LaTeX Font Info:    Trying to load font information for OT1+lmr on input line 157.
(c:/Users/fredd/AppData/Roaming/TinyTeX/texmf-dist/tex/latex/lm/ot1lmr.fd
File: ot1lmr.fd 2015/05/01 v1.6.1 Font defs for Latin Modern
)
LaTeX Font Info:    Trying to load font information for OML+lmm on input line 157.
(c:/Users/fredd/AppData/Roaming/TinyTeX/texmf-dist/tex/latex/lm/omllmm.fd
File: omllmm.fd 2015/05/01 v1.6.1 Font defs for Latin Modern
)
LaTeX Font Info:    Trying to load font information for OMS+lmsy on input line 157.
(c:/Users/fredd/AppData/Roaming/TinyTeX/texmf-dist/tex/latex/lm/omslmsy.fd
File: omslmsy.fd 2015/05/01 v1.6.1 Font defs for Latin Modern
)
LaTeX Font Info:    Trying to load font information for OMX+lmex on input line 157.
(c:/Users/fredd/AppData/Roaming/TinyTeX/texmf-dist/tex/latex/lm/omxlmex.fd
File: omxlmex.fd 2015/05/01 v1.6.1 Font defs for Latin Modern
)
LaTeX Font Info:    External font `lmex10' loaded for size
(Font)              <10> on input line 157.
LaTeX Font Info:    External font `lmex10' loaded for size
(Font)              <7> on input line 157.
LaTeX Font Info:    External font `lmex10' loaded for size
(Font)              <5> on input line 157.
LaTeX Font Info:    Trying to load font information for U+msa on input line 157.
(c:/Users/fredd/AppData/Roaming/TinyTeX/texmf-dist/tex/latex/amsfonts/umsa.fd
File: umsa.fd 2013/01/14 v3.01 AMS symbols A
)
LaTeX Font Info:    Trying to load font information for U+msb on input line 157.
(c:/Users/fredd/AppData/Roaming/TinyTeX/texmf-dist/tex/latex/amsfonts/umsb.fd
File: umsb.fd 2013/01/14 v3.01 AMS symbols B
)
LaTeX Font Info:    External font `lmex10' loaded for size
(Font)              <8> on input line 157.
LaTeX Font Info:    External font `lmex10' loaded for size
(Font)              <6> on input line 157.
LaTeX Font Info:    Trying to load font information for T1+lmtt on input line 157.
(c:/Users/fredd/AppData/Roaming/TinyTeX/texmf-dist/tex/latex/lm/t1lmtt.fd
File: t1lmtt.fd 2015/05/01 v1.6.1 Font defs for Latin Modern
)


Package hyperref Warning: Token not allowed in a PDF string (Unicode):
(hyperref)                removing `\<def>-command' on input line 203.


Package hyperref Warning: Token not allowed in a PDF string (Unicode):
(hyperref)                removing `\cnotenum' on input line 203.


Package hyperref Warning: Token not allowed in a PDF string (Unicode):
(hyperref)                removing `\<def>-command' on input line 203.


Package hyperref Warning: Token not allowed in a PDF string (Unicode):
(hyperref)                removing `\@corref' on input line 203.


Package hyperref Warning: Token not allowed in a PDF string (Unicode):
(hyperref)                removing `\<let>-command' on input line 203.


Package hyperref Warning: Token not allowed in a PDF string (Unicode):
(hyperref)                removing `\comma' on input line 203.


Package hyperref Warning: Token not allowed in a PDF string (Unicode):
(hyperref)                removing `\<def>-command' on input line 203.


Package hyperref Warning: Token not allowed in a PDF string (Unicode):
(hyperref)                removing `\@fnmark' on input line 203.


Package hyperref Warning: Token not allowed in a PDF string (Unicode):
(hyperref)                removing `\<let>-command' on input line 203.


Package hyperref Warning: Token not allowed in a PDF string (Unicode):
(hyperref)                removing `\comma' on input line 203.


Package hyperref Warning: Token not allowed in a PDF string (Unicode):
(hyperref)                removing `\<def>-command' on input line 203.


Package hyperref Warning: Token not allowed in a PDF string (Unicode):
(hyperref)                removing `\@fnmark' on input line 203.


Package hyperref Warning: Token not allowed in a PDF string (Unicode):
(hyperref)                removing `\<let>-command' on input line 203.


Package hyperref Warning: Token not allowed in a PDF string (Unicode):
(hyperref)                removing `\comma' on input line 203.


Package hyperref Warning: Token not allowed in a PDF string (Unicode):
(hyperref)                removing `\<def>-command' on input line 203.


Package hyperref Warning: Token not allowed in a PDF string (Unicode):
(hyperref)                removing `\@fnmark' on input line 203.


Package hyperref Warning: Token not allowed in a PDF string (Unicode):
(hyperref)                removing `\<let>-command' on input line 203.


Package hyperref Warning: Token not allowed in a PDF string (Unicode):
(hyperref)                removing `\comma' on input line 203.


Package hyperref Warning: Token not allowed in a PDF string (Unicode):
(hyperref)                removing `\<def>-command' on input line 203.


Package hyperref Warning: Token not allowed in a PDF string (Unicode):
(hyperref)                removing `\@fnmark' on input line 203.


Package hyperref Warning: Token not allowed in a PDF string (Unicode):
(hyperref)                removing `\<let>-command' on input line 203.


Package hyperref Warning: Token not allowed in a PDF string (Unicode):
(hyperref)                removing `\comma' on input line 203.


Package hyperref Warning: Token not allowed in a PDF string (Unicode):
(hyperref)                removing `\<def>-command' on input line 203.


Package hyperref Warning: Token not allowed in a PDF string (Unicode):
(hyperref)                removing `\@fnmark' on input line 203.

[1

{c:/Users/fredd/AppData/Roaming/TinyTeX/texmf-var/fonts/map/pdftex/updmap/pdftex.map}{c:/Users/fredd/AppData/Roaming/TinyTeX/texmf-dist/fonts/enc/dvips/lm/lm-ec.enc}{c:/Users/fredd/AppData/Roaming/TinyTeX/texmf-dist/fonts/enc/dvips/lm/lm-mathsy.enc}{c:/Users/fredd/AppData/Roaming/TinyTeX/texmf-dist/fonts/enc/dvips/lm/lm-ts1.enc}]

[2]

pdfTeX warning: pdflatex.exe (file ./images/Model_Teacher_Stress_adapted_new.pdf): PDF inclusion: found PDF version <1.7>, but at most version <1.5> allowed
<images/Model_Teacher_Stress_adapted_new.pdf, id=248, 963.6pt x 542.025pt>
File: images/Model_Teacher_Stress_adapted_new.pdf Graphic file (type pdf)
<use images/Model_Teacher_Stress_adapted_new.pdf>
Package pdftex.def Info: images/Model_Teacher_Stress_adapted_new.pdf  used on input line 383.
(pdftex.def)             Requested size: 468.0pt x 263.24571pt.


[3]

[4 <./images/Model_Teacher_Stress_adapted_new.pdf>]

[5{c:/Users/fredd/AppData/Roaming/TinyTeX/texmf-dist/fonts/enc/dvips/lm/lm-mathit.enc}]
<images/Timeline_smaller.pdf, id=297, 409.53pt x 660.47902pt>
File: images/Timeline_smaller.pdf Graphic file (type pdf)
<use images/Timeline_smaller.pdf>
Package pdftex.def Info: images/Timeline_smaller.pdf  used on input line 516.
(pdftex.def)             Requested size: 234.0pt x 377.39406pt.

Package wrapfig Warning: Stationary wrapfigure forced to float on input line 521.


Package wrapfig Warning: Stationary wrapfigure forced to float on input line 524.



[6{c:/Users/fredd/AppData/Roaming/TinyTeX/texmf-dist/fonts/enc/dvips/lm/lm-rm.enc} <./images/Timeline_smaller.pdf>]

[7]
<plots_publication/loess_plot_std_unstd_new.pdf, id=355, 710.655pt x 397.485pt>
File: plots_publication/loess_plot_std_unstd_new.pdf Graphic file (type pdf)
<use plots_publication/loess_plot_std_unstd_new.pdf>
Package pdftex.def Info: plots_publication/loess_plot_std_unstd_new.pdf  used on input line 726.
(pdftex.def)             Requested size: 468.0pt x 261.77078pt.


[8]
<plots_publication/box_plot.pdf, id=362, 710.655pt x 397.485pt>
File: plots_publication/box_plot.pdf Graphic file (type pdf)
<use plots_publication/box_plot.pdf>
Package pdftex.def Info: plots_publication/box_plot.pdf  used on input line 733.
(pdftex.def)             Requested size: 468.0pt x 261.77078pt.


[9 <./plots_publication/loess_plot_std_unstd_new.pdf> <./plots_publication/box_plot.pdf>]
Underfull \hbox (badness 10000) in alignment at lines 792--792
[][][][][][] 
 []



[10]
Underfull \hbox (badness 10000) in paragraph at lines 812--812
[]|$\OML/lmm/m/it/10 ^^L$
 []


Underfull \hbox (badness 10000) in paragraph at lines 812--812
[]|$\OML/lmm/m/it/10 ^^L$
 []


Underfull \hbox (badness 10000) in paragraph at lines 812--812
[]|$\OML/lmm/m/it/10 ^^L$
 []


Underfull \hbox (badness 10000) in paragraph at lines 812--812
[]|$\OML/lmm/m/it/10 ^^L$
 []


Underfull \hbox (badness 10000) in paragraph at lines 812--812
[]|$\OML/lmm/m/it/10 ^^L$
 []


Underfull \hbox (badness 10000) in paragraph at lines 812--812
[]|$\OML/lmm/m/it/10 ^^L$
 []


Underfull \hbox (badness 10000) in paragraph at lines 812--812
[]|$\OML/lmm/m/it/10 ^^L$
 []


Underfull \hbox (badness 10000) in paragraph at lines 812--812
[]|$\OML/lmm/m/it/10 ^^L$
 []


Overfull \hbox (76.45894pt too wide) in alignment at lines 804--814
[] [] [] [] [] [] [] [] [] [] [] [] [] [] [] [] []
 []


Underfull \hbox (badness 10000) in paragraph at lines 819--819
[]|\T1/lmr/m/n/10 Dependent
 []


Underfull \hbox (badness 10000) in paragraph at lines 821--821
[]|$\OML/lmm/m/it/10 ^^L$
 []


Underfull \hbox (badness 10000) in paragraph at lines 821--821
[]|$\OML/lmm/m/it/10 ^^L$
 []


Underfull \hbox (badness 10000) in paragraph at lines 821--821
[]|$\OML/lmm/m/it/10 ^^L$
 []


Underfull \hbox (badness 10000) in paragraph at lines 821--821
[]|$\OML/lmm/m/it/10 ^^L$
 []


Underfull \hbox (badness 10000) in paragraph at lines 821--821
[]|$\OML/lmm/m/it/10 ^^L$
 []


Underfull \hbox (badness 10000) in paragraph at lines 821--821
[]|$\OML/lmm/m/it/10 ^^L$
 []


Underfull \hbox (badness 10000) in paragraph at lines 821--821
[]|$\OML/lmm/m/it/10 ^^L$
 []


Underfull \hbox (badness 10000) in paragraph at lines 821--821
[]|$\OML/lmm/m/it/10 ^^L$
 []


Overfull \hbox (76.45894pt too wide) in alignment at lines 814--823
[] [] [] [] [] [] [] [] [] [] [] [] [] [] [] [] []
 []


Overfull \hbox (76.45894pt too wide) in alignment at lines 823--827
[] [] [] [] [] [] [] [] [] [] [] [] [] [] [] [] []
 []


Overfull \hbox (76.45894pt too wide) in alignment at lines 827--830
[] [] [] [] [] [] [] [] [] [] [] [] [] [] [] [] []
 []


Underfull \hbox (badness 10000) in paragraph at lines 832--832
[]|\T1/lmr/m/n/10 Pre-
 []


Underfull \hbox (badness 10000) in paragraph at lines 832--832
\T1/lmr/m/n/10 interval
 []


Underfull \hbox (badness 10000) in paragraph at lines 836--836
\T1/lmr/m/n/10 interval
 []


Underfull \hbox (badness 10000) in paragraph at lines 843--843
[]|\T1/lmr/m/n/10 Post-
 []


Underfull \hbox (badness 10000) in paragraph at lines 843--843
\T1/lmr/m/n/10 interval
 []


Underfull \hbox (badness 10000) in paragraph at lines 850--850
\T1/lmr/m/n/10 interval
 []


Underfull \hbox (badness 10000) in paragraph at lines 857--857
\T1/lmr/m/n/10 interval
 []


Overfull \hbox (76.45894pt too wide) in alignment at lines 830--864
[] [] [] [] [] [] [] [] [] [] [] [] [] [] [] [] []
 []

[11

] [12]

Package caption Warning: The option `hypcap=true' will be ignored for this
(caption)                particular \caption on input line 865.
See the caption package documentation for explanation.



[13]

[14

]

[15]

[16]

[17]
<appendix_figure1.png, id=496, 451.6875pt x 258.36525pt>
File: appendix_figure1.png Graphic file (type png)
<use appendix_figure1.png>
Package pdftex.def Info: appendix_figure1.png  used on input line 1231.
(pdftex.def)             Requested size: 210.59857pt x 120.4658pt.
<appendix_figure2.png, id=498, 452.892pt x 274.626pt>
File: appendix_figure2.png Graphic file (type png)
<use appendix_figure2.png>
Package pdftex.def Info: appendix_figure2.png  used on input line 1239.
(pdftex.def)             Requested size: 210.59857pt x 127.69977pt.
<plots_publication/plot_preparation_appendix.pdf, id=499, 710.655pt x 825.0825pt>
File: plots_publication/plot_preparation_appendix.pdf Graphic file (type pdf)
<use plots_publication/plot_preparation_appendix.pdf>
Package pdftex.def Info: plots_publication/plot_preparation_appendix.pdf  used on input line 1247.
(pdftex.def)             Requested size: 468.0pt x 543.3727pt.
<plots_publication/plot_teaching_appendix.pdf, id=500, 710.655pt x 825.0825pt>
File: plots_publication/plot_teaching_appendix.pdf Graphic file (type pdf)
<use plots_publication/plot_teaching_appendix.pdf>
Package pdftex.def Info: plots_publication/plot_teaching_appendix.pdf  used on input line 1254.
(pdftex.def)             Requested size: 468.0pt x 543.3727pt.
<plots_publication/plot_post_teaching_appendix.pdf, id=501, 710.655pt x 825.0825pt>
File: plots_publication/plot_post_teaching_appendix.pdf Graphic file (type pdf)
<use plots_publication/plot_post_teaching_appendix.pdf>
Package pdftex.def Info: plots_publication/plot_post_teaching_appendix.pdf  used on input line 1261.
(pdftex.def)             Requested size: 468.0pt x 543.3727pt.
<plots_publication/plot_interview_appendix.pdf, id=502, 710.655pt x 825.0825pt>
File: plots_publication/plot_interview_appendix.pdf Graphic file (type pdf)
<use plots_publication/plot_interview_appendix.pdf>
Package pdftex.def Info: plots_publication/plot_interview_appendix.pdf  used on input line 1268.
(pdftex.def)             Requested size: 468.0pt x 543.3727pt.
<plots_publication/plot_end_appendix.pdf, id=503, 710.655pt x 825.0825pt>
File: plots_publication/plot_end_appendix.pdf Graphic file (type pdf)
<use plots_publication/plot_end_appendix.pdf>
Package pdftex.def Info: plots_publication/plot_end_appendix.pdf  used on input line 1275.
(pdftex.def)             Requested size: 468.0pt x 543.3727pt.


[18 <./appendix_figure1.png> <./appendix_figure2.png>]

[19 <./plots_publication/plot_preparation_appendix.pdf>]

[20 <./plots_publication/plot_teaching_appendix.pdf>]

[21 <./plots_publication/plot_post_teaching_appendix.pdf>]

[22 <./plots_publication/plot_interview_appendix.pdf>]

[23 <./plots_publication/plot_end_appendix.pdf>] (./FitBit_submission_template.bbl

[24]

[25])

[26] (./FitBit_submission_template.aux)
 ***********
LaTeX2e <2024-06-01> patch level 2
L3 programming layer <2024-09-10>
 ***********
Package rerunfilecheck Info: File `FitBit_submission_template.out' has not changed.
(rerunfilecheck)             Checksum: 66B8CDCA1BBF89786DFFBB2470329666;4370.
 ) 
Here is how much of TeX's memory you used:
 14263 strings out of 475539
 236200 string characters out of 5775896
 717978 words of memory out of 5000000
 36480 multiletter control sequences out of 15000+600000
 610543 words of font info for 74 fonts, out of 8000000 for 9000
 14 hyphenation exceptions out of 8191
 72i,15n,79p,628b,709s stack positions out of 10000i,1000n,20000p,200000b,200000s
<c:/Users/fredd/AppData/Roaming/TinyTeX/texmf-dist/fonts/type1/public/lm/lmbx10.pfb><c:/Users/fredd/AppData/Roaming/TinyTeX/texmf-dist/fonts/type1/public/lm/lmmi10.pfb><c:/Users/fredd/AppData/Roaming/TinyTeX/texmf-dist/fonts/type1/public/lm/lmmi7.pfb><c:/Users/fredd/AppData/Roaming/TinyTeX/texmf-dist/fonts/type1/public/lm/lmmi8.pfb><c:/Users/fredd/AppData/Roaming/TinyTeX/texmf-dist/fonts/type1/public/lm/lmr10.pfb><c:/Users/fredd/AppData/Roaming/TinyTeX/texmf-dist/fonts/type1/public/lm/lmr12.pfb><c:/Users/fredd/AppData/Roaming/TinyTeX/texmf-dist/fonts/type1/public/lm/lmr6.pfb><c:/Users/fredd/AppData/Roaming/TinyTeX/texmf-dist/fonts/type1/public/lm/lmr7.pfb><c:/Users/fredd/AppData/Roaming/TinyTeX/texmf-dist/fonts/type1/public/lm/lmr8.pfb><c:/Users/fredd/AppData/Roaming/TinyTeX/texmf-dist/fonts/type1/public/lm/lmri10.pfb><c:/Users/fredd/AppData/Roaming/TinyTeX/texmf-dist/fonts/type1/public/lm/lmri7.pfb><c:/Users/fredd/AppData/Roaming/TinyTeX/texmf-dist/fonts/type1/public/lm/lmri8.pfb><c:/Users/fredd/AppData/Roaming/TinyTeX/texmf-dist/fonts/type1/public/lm/lmsy10.pfb><c:/Users/fredd/AppData/Roaming/TinyTeX/texmf-dist/fonts/type1/public/lm/lmsy6.pfb><c:/Users/fredd/AppData/Roaming/TinyTeX/texmf-dist/fonts/type1/public/lm/lmsy7.pfb><c:/Users/fredd/AppData/Roaming/TinyTeX/texmf-dist/fonts/type1/public/lm/lmtt8.pfb>
Output written on FitBit_submission_template.pdf (26 pages, 2748070 bytes).
PDF statistics:
 718 PDF objects out of 1000 (max. 8388607)
 626 compressed objects within 7 object streams
 171 named destinations out of 1000 (max. 500000)
 224 words of extra memory for PDF output out of 10000 (max. 10000000)

